Starting Bimodal Training Pipeline...
Epoch 1/20, Loss: 1.5621
Epoch 2/20, Loss: 1.4814
Epoch 3/20, Loss: 1.4532
Epoch 4/20, Loss: 1.4205
Epoch 5/20, Loss: 1.3767
Epoch 6/20, Loss: 1.3765
Epoch 7/20, Loss: 1.3560
Epoch 8/20, Loss: 1.3306
Epoch 9/20, Loss: 1.2905
Epoch 10/20, Loss: 1.2862
Epoch 11/20, Loss: 1.2961
Epoch 12/20, Loss: 1.2617
Epoch 13/20, Loss: 1.2581
Epoch 14/20, Loss: 1.2316
Epoch 15/20, Loss: 1.2067
Epoch 16/20, Loss: 1.2316
Epoch 17/20, Loss: 1.2040
Epoch 18/20, Loss: 1.1850
Epoch 19/20, Loss: 1.1819
Epoch 20/20, Loss: 1.1611
Test Loss: 1.4114
              precision    recall  f1-score   support

           0       0.69      0.80      0.74      1256
           1       0.47      0.42      0.44       281
           2       0.00      0.00      0.00        50
           3       0.18      0.25      0.21       208
           4       0.51      0.52      0.52       401
           5       0.21      0.10      0.14        68
           6       0.38      0.18      0.24       345

    accuracy                           0.56      2609
   macro avg       0.35      0.32      0.33      2609
weighted avg       0.53      0.56      0.54      2609

