Starting Bimodal Training Pipeline...
Epoch 1/20, Loss: 1.7355
Epoch 2/20, Loss: 1.6836
Epoch 3/20, Loss: 1.6352
Epoch 4/20, Loss: 1.5836
Epoch 5/20, Loss: 1.5377
Epoch 6/20, Loss: 1.5169
Epoch 7/20, Loss: 1.4981
Epoch 8/20, Loss: 1.4905
Epoch 9/20, Loss: 1.4740
Epoch 10/20, Loss: 1.4704
Epoch 11/20, Loss: 1.4552
Epoch 12/20, Loss: 1.4492
Epoch 13/20, Loss: 1.4421
Epoch 14/20, Loss: 1.4282
Epoch 15/20, Loss: 1.4094
Epoch 16/20, Loss: 1.4195
Epoch 17/20, Loss: 1.3928
Epoch 18/20, Loss: 1.3774
Epoch 19/20, Loss: 1.3478
Epoch 20/20, Loss: 1.3606
Test Loss: 1.9441
              precision    recall  f1-score   support

           0       0.49      0.80      0.60      1256
           1       0.04      0.02      0.03       281
           2       0.00      0.00      0.00        50
           3       0.07      0.03      0.04       208
           4       0.16      0.09      0.11       401
           5       0.00      0.00      0.00        68
           6       0.11      0.03      0.05       345

    accuracy                           0.41      2609
   macro avg       0.12      0.14      0.12      2609
weighted avg       0.28      0.41      0.32      2609

