Starting Bimodal Training Pipeline...
Epoch 1/20, Loss: 1.6544
Epoch 2/20, Loss: 1.6401
Epoch 3/20, Loss: 1.6031
Epoch 4/20, Loss: 1.5845
Epoch 5/20, Loss: 1.5566
Epoch 6/20, Loss: 1.5513
Epoch 7/20, Loss: 1.5130
Epoch 8/20, Loss: 1.5065
Epoch 9/20, Loss: 1.4700
Epoch 10/20, Loss: 1.4544
Epoch 11/20, Loss: 1.4472
Epoch 12/20, Loss: 1.4285
Epoch 13/20, Loss: 1.4179
Epoch 14/20, Loss: 1.4119
Epoch 15/20, Loss: 1.3882
Epoch 16/20, Loss: 1.3673
Epoch 17/20, Loss: 1.3637
Epoch 18/20, Loss: 1.3427
Epoch 19/20, Loss: 1.3295
Epoch 20/20, Loss: 1.3005
Test Loss: 1.7267
              precision    recall  f1-score   support

           0       0.53      0.75      0.62      1256
           1       0.17      0.07      0.10       281
           2       0.00      0.00      0.00        50
           3       0.09      0.03      0.04       208
           4       0.21      0.14      0.17       401
           5       0.05      0.01      0.02        68
           6       0.24      0.26      0.25       345

    accuracy                           0.43      2609
   macro avg       0.19      0.18      0.17      2609
weighted avg       0.35      0.43      0.37      2609

