Starting Bimodal Training Pipeline...
Epoch 1/20, Loss: 1.4696
Epoch 2/20, Loss: 1.3222
Epoch 3/20, Loss: 1.2294
Epoch 4/20, Loss: 1.1825
Epoch 5/20, Loss: 1.1694
Epoch 6/20, Loss: 1.1528
Epoch 7/20, Loss: 1.1341
Epoch 8/20, Loss: 1.1275
Epoch 9/20, Loss: 1.1108
Epoch 10/20, Loss: 1.0988
Epoch 11/20, Loss: 1.0906
Epoch 12/20, Loss: 1.0783
Epoch 13/20, Loss: 1.0698
Epoch 14/20, Loss: 1.0620
Epoch 15/20, Loss: 1.0521
Epoch 16/20, Loss: 1.0440
Epoch 17/20, Loss: 1.0354
Epoch 18/20, Loss: 1.0216
Epoch 19/20, Loss: 1.0135
Epoch 20/20, Loss: 1.0014
Test Loss: 1.2010
              precision    recall  f1-score   support

           0       0.71      0.81      0.76      1256
           1       0.44      0.56      0.49       281
           2       0.00      0.00      0.00        50
           3       0.34      0.20      0.25       208
           4       0.53      0.54      0.53       401
           5       0.46      0.18      0.26        68
           6       0.45      0.32      0.37       345

    accuracy                           0.60      2609
   macro avg       0.42      0.37      0.38      2609
weighted avg       0.57      0.60      0.57      2609

