Starting Bimodal Training Pipeline...
Epoch 1/20, Loss: 1.3174
Epoch 2/20, Loss: 1.1855
Epoch 3/20, Loss: 1.1303
Epoch 4/20, Loss: 1.0629
Epoch 5/20, Loss: 0.9730
Epoch 6/20, Loss: 0.8611
Epoch 7/20, Loss: 0.7190
Epoch 8/20, Loss: 0.5687
Epoch 9/20, Loss: 0.4321
Epoch 10/20, Loss: 0.3197
Epoch 11/20, Loss: 0.2258
Epoch 12/20, Loss: 0.1675
Epoch 13/20, Loss: 0.1374
Epoch 14/20, Loss: 0.1034
Epoch 15/20, Loss: 0.0954
Epoch 16/20, Loss: 0.0825
Epoch 17/20, Loss: 0.0787
Epoch 18/20, Loss: 0.0737
Epoch 19/20, Loss: 0.0698
Epoch 20/20, Loss: 0.0514
Test Loss: 3.4485
              precision    recall  f1-score   support

           0       0.69      0.68      0.68      1256
           1       0.43      0.44      0.43       281
           2       0.09      0.04      0.06        50
           3       0.20      0.19      0.19       208
           4       0.38      0.48      0.42       401
           5       0.17      0.10      0.13        68
           6       0.30      0.26      0.28       345

    accuracy                           0.50      2609
   macro avg       0.32      0.31      0.31      2609
weighted avg       0.49      0.50      0.50      2609

