Starting Bimodal Training Pipeline...
Epoch 1/20, Loss: 1.3267
Epoch 2/20, Loss: 1.2034
Epoch 3/20, Loss: 1.1598
Epoch 4/20, Loss: 1.1141
Epoch 5/20, Loss: 1.0860
Epoch 6/20, Loss: 1.0450
Epoch 7/20, Loss: 0.9917
Epoch 8/20, Loss: 0.9407
Epoch 9/20, Loss: 0.8735
Epoch 10/20, Loss: 0.8078
Epoch 11/20, Loss: 0.7264
Epoch 12/20, Loss: 0.6467
Epoch 13/20, Loss: 0.5736
Epoch 14/20, Loss: 0.4960
Epoch 15/20, Loss: 0.4400
Epoch 16/20, Loss: 0.3863
Epoch 17/20, Loss: 0.3444
Epoch 18/20, Loss: 0.3121
Epoch 19/20, Loss: 0.2829
Epoch 20/20, Loss: 0.2722
Test Loss: 2.5367
              precision    recall  f1-score   support

           0       0.72      0.72      0.72      1256
           1       0.48      0.48      0.48       281
           2       0.08      0.04      0.05        50
           3       0.24      0.27      0.26       208
           4       0.45      0.53      0.48       401
           5       0.18      0.21      0.19        68
           6       0.39      0.28      0.32       345

    accuracy                           0.55      2609
   macro avg       0.36      0.36      0.36      2609
weighted avg       0.54      0.55      0.54      2609

