Starting Bimodal Training Pipeline...
Epoch 1/20, Loss: 1.5716
Epoch 2/20, Loss: 1.4944
Epoch 3/20, Loss: 1.4428
Epoch 4/20, Loss: 1.4037
Epoch 5/20, Loss: 1.4251
Epoch 6/20, Loss: 1.3766
Epoch 7/20, Loss: 1.3836
Epoch 8/20, Loss: 1.3134
Epoch 9/20, Loss: 1.2929
Epoch 10/20, Loss: 1.2783
Epoch 11/20, Loss: 1.2868
Epoch 12/20, Loss: 1.2765
Epoch 13/20, Loss: 1.2512
Epoch 14/20, Loss: 1.2614
Epoch 15/20, Loss: 1.2038
Epoch 16/20, Loss: 1.1832
Epoch 17/20, Loss: 1.1980
Epoch 18/20, Loss: 1.1444
Epoch 19/20, Loss: 1.1668
Epoch 20/20, Loss: 1.1077
Test Loss: 1.3514
              precision    recall  f1-score   support

           0       0.74      0.71      0.73      1256
           1       0.38      0.69      0.49       281
           2       0.24      0.10      0.14        50
           3       0.32      0.13      0.18       208
           4       0.54      0.42      0.47       401
           5       0.18      0.19      0.18        68
           6       0.37      0.42      0.39       345

    accuracy                           0.56      2609
   macro avg       0.39      0.38      0.37      2609
weighted avg       0.56      0.56      0.55      2609

