Starting Bimodal Training Pipeline...
Epoch 1/20, Loss: 1.5798
Epoch 2/20, Loss: 1.4879
Epoch 3/20, Loss: 1.4420
Epoch 4/20, Loss: 1.4395
Epoch 5/20, Loss: 1.3901
Epoch 6/20, Loss: 1.3749
Epoch 7/20, Loss: 1.3409
Epoch 8/20, Loss: 1.3226
Epoch 9/20, Loss: 1.2747
Epoch 10/20, Loss: 1.2610
Epoch 11/20, Loss: 1.2003
Epoch 12/20, Loss: 1.1522
Epoch 13/20, Loss: 1.1474
Epoch 14/20, Loss: 1.1299
Epoch 15/20, Loss: 1.0905
Epoch 16/20, Loss: 1.0638
Epoch 17/20, Loss: 1.0517
Epoch 18/20, Loss: 0.9850
Epoch 19/20, Loss: 0.9384
Epoch 20/20, Loss: 0.9369
Test Loss: 1.8222
              precision    recall  f1-score   support

           0       0.65      0.81      0.72      1256
           1       0.43      0.34      0.38       281
           2       0.04      0.02      0.03        50
           3       0.18      0.17      0.17       208
           4       0.49      0.26      0.34       401
           5       0.19      0.09      0.12        68
           6       0.33      0.32      0.33       345

    accuracy                           0.53      2609
   macro avg       0.33      0.29      0.30      2609
weighted avg       0.50      0.53      0.50      2609

