Starting Bimodal Training Pipeline...
Epoch 1/20, Loss: 1.6667
Epoch 2/20, Loss: 1.6357
Epoch 3/20, Loss: 1.6202
Epoch 4/20, Loss: 1.5787
Epoch 5/20, Loss: 1.5644
Epoch 6/20, Loss: 1.5318
Epoch 7/20, Loss: 1.5079
Epoch 8/20, Loss: 1.4752
Epoch 9/20, Loss: 1.4450
Epoch 10/20, Loss: 1.4238
Epoch 11/20, Loss: 1.3800
Epoch 12/20, Loss: 1.3498
Epoch 13/20, Loss: 1.3156
Epoch 14/20, Loss: 1.2886
Epoch 15/20, Loss: 1.2661
Epoch 16/20, Loss: 1.2273
Epoch 17/20, Loss: 1.2037
Epoch 18/20, Loss: 1.2028
Epoch 19/20, Loss: 1.1573
Epoch 20/20, Loss: 1.1574
Test Loss: 2.2354
              precision    recall  f1-score   support

           0       0.50      0.59      0.55      1256
           1       0.14      0.09      0.11       281
           2       0.03      0.02      0.02        50
           3       0.06      0.04      0.05       208
           4       0.19      0.18      0.18       401
           5       0.00      0.00      0.00        68
           6       0.23      0.23      0.23       345

    accuracy                           0.36      2609
   macro avg       0.16      0.17      0.16      2609
weighted avg       0.32      0.36      0.34      2609

