Starting Bimodal Training Pipeline...
Epoch 1/20, Loss: 1.5200
Epoch 2/20, Loss: 1.4351
Epoch 3/20, Loss: 1.3900
Epoch 4/20, Loss: 1.3849
Epoch 5/20, Loss: 1.3618
Epoch 6/20, Loss: 1.3464
Epoch 7/20, Loss: 1.3203
Epoch 8/20, Loss: 1.3072
Epoch 9/20, Loss: 1.2711
Epoch 10/20, Loss: 1.2342
Epoch 11/20, Loss: 1.1898
Epoch 12/20, Loss: 1.2054
Epoch 13/20, Loss: 1.1638
Epoch 14/20, Loss: 1.1345
Epoch 15/20, Loss: 1.0736
Epoch 16/20, Loss: 1.0441
Epoch 17/20, Loss: 1.0119
Epoch 18/20, Loss: 0.9828
Epoch 19/20, Loss: 0.9637
Epoch 20/20, Loss: 0.9179
Test Loss: 1.7633
              precision    recall  f1-score   support

           0       0.66      0.74      0.70      1256
           1       0.56      0.32      0.40       281
           2       0.00      0.00      0.00        50
           3       0.19      0.36      0.25       208
           4       0.46      0.38      0.42       401
           5       0.24      0.10      0.14        68
           6       0.36      0.29      0.32       345

    accuracy                           0.52      2609
   macro avg       0.35      0.31      0.32      2609
weighted avg       0.52      0.52      0.51      2609

